
11:44:572||8.61||
11:45:594||9.02||
11:46:621||9.08||
11:47:644||10.6||
11:48:671||9.32||
11:49:695||9.20||
11:50:723||8.80||
11:51:749||8.35||
11:52:775||9.22||
11:53:801||8.65||
11:54:827||9.16||
11:55:855||8.95||
11:56:878||8.87||
11:57:903||9.25||
11:58:927||8.94||
11:59:952||8.69||
11:0:978||9.43||
11:2:4||9.20||
11:3:29||8.95||
11:4:55||9.36||
11:5:78||9.61||
11:6:104||8.82||
11:7:127||8.80||
11:8:240||8.48||
11:9:268||9.30||
11:10:292||9.08||
11:11:314||8.94||
11:12:341||8.60||
11:13:366||8.98||
11:14:390||8.54||
11:15:411||8.48||
